<?xml version="1.0" encoding="UTF-8"?>
<!-- Generated by org.testng.reporters.JUnitReportReporter -->
<testsuite hostname="GAVLMUMDT-046" failures="0" tests="1" name="test.FtpSeverUpload" time="0.135" errors="0" timestamp="2025-09-30T17:00:35 IST" skipped="0">
  <testcase classname="test.FtpSeverUpload" name="ftp" time="0.135"/>
</testsuite> <!-- test.FtpSeverUpload -->
