<?xml version="1.0" encoding="UTF-8"?>
<!-- Generated by org.testng.reporters.JUnitReportReporter -->
<testsuite hostname="GAVLMUMDT-046" failures="0" tests="1" name="test.LiquidationReport" time="28.215" errors="0" timestamp="2025-10-01T15:31:31 IST" skipped="0">
  <testcase classname="test.LiquidationReport" name="liquidationReport" time="28.215"/>
</testsuite> <!-- test.LiquidationReport -->
