<?xml version="1.0" encoding="UTF-8"?>
<!-- Generated by org.testng.reporters.JUnitReportReporter -->
<testsuite hostname="GAVLMUMDT-046" failures="0" tests="1" name="test.FTPUploader" time="0.366" errors="0" timestamp="2025-10-03T09:44:25 IST" skipped="0">
  <testcase classname="test.FTPUploader" name="upload" time="0.366"/>
</testsuite> <!-- test.FTPUploader -->
