<?xml version="1.0" encoding="UTF-8"?>
<!-- Generated by org.testng.reporters.JUnitReportReporter -->
<testsuite hostname="GAVLMUMDT-046" failures="0" tests="1" name="test.LiquidationReportTest" time="36.907" errors="0" timestamp="2025-10-07T12:05:18 IST" skipped="0">
  <testcase classname="test.LiquidationReportTest" name="liquidationReport" time="36.907"/>
</testsuite> <!-- test.LiquidationReportTest -->
