<?xml version="1.0" encoding="UTF-8"?>
<!-- Generated by org.testng.reporters.JUnitReportReporter -->
<testsuite hostname="GAVLMUMDT-046" failures="0" tests="1" name="test.LiquidationReport" time="22.436" errors="0" timestamp="2025-09-30T12:36:57 IST" skipped="0">
  <testcase classname="test.LiquidationReport" name="liquidationReport" time="22.436"/>
</testsuite> <!-- test.LiquidationReport -->
