<?xml version="1.0" encoding="UTF-8"?>
<!-- Generated by org.testng.reporters.JUnitReportReporter -->
<testsuite hostname="GAVLMUMDT-046" failures="0" tests="1" name="test.FTPUploaderTest" time="0.308" errors="0" timestamp="2025-10-07T09:26:01 IST" skipped="0">
  <testcase classname="test.FTPUploaderTest" name="upload" time="0.308"/>
</testsuite> <!-- test.FTPUploaderTest -->
